2011-07-04 01:35:56,994 - INFO - START controller
2011-07-04 01:36:51,108 - INFO - Unregistered key
2011-07-04 01:36:51,109 - INFO - Unregistered key
2011-07-04 01:36:51,109 - INFO - Unregistered key
2011-07-04 01:36:51,111 - INFO - Unregistered key
2011-07-04 01:36:51,111 - INFO - Unregistered key
2011-07-04 01:36:51,111 - INFO - Unregistered key
2011-07-04 01:36:51,112 - INFO - Unregistered key
2011-07-04 01:36:51,112 - INFO - Unregistered key
2011-07-04 01:36:51,114 - INFO - Unregistered key
2011-07-04 01:36:51,115 - INFO - Unregistered key
2011-07-04 01:36:51,115 - INFO - Unregistered key
2011-07-04 01:36:51,115 - INFO - Unregistered key
2011-07-04 01:36:51,115 - INFO - Unregistered key
2011-07-04 01:36:51,117 - INFO - Unregistered key
2011-07-04 01:36:51,117 - INFO - Unregistered key
2011-07-04 01:36:51,118 - INFO - Unregistered key
2011-07-04 01:36:51,118 - INFO - Unregistered key
2011-07-04 01:36:51,118 - INFO - Unregistered key
2011-07-04 01:36:51,121 - INFO - Unregistered key
2011-07-04 01:36:51,121 - INFO - Unregistered key
2011-07-04 01:36:51,121 - INFO - Unregistered key
2011-07-04 01:36:51,122 - INFO - Unregistered key
2011-07-04 01:36:51,122 - INFO - Unregistered key
2011-07-04 01:36:51,124 - INFO - Unregistered key
2011-07-04 01:36:51,125 - INFO - Unregistered key
2011-07-04 01:36:51,125 - INFO - Unregistered key
2011-07-04 01:36:51,125 - INFO - Unregistered key
2011-07-04 01:36:51,125 - INFO - Unregistered key
2011-07-04 01:36:51,127 - INFO - Unregistered key
2011-07-04 01:36:51,128 - INFO - Unregistered key
2011-07-04 01:36:51,128 - INFO - Unregistered key
2011-07-04 01:36:51,128 - INFO - Unregistered key
2011-07-04 01:36:51,128 - INFO - Unregistered key
2011-07-04 01:36:51,130 - INFO - Unregistered key
2011-07-04 01:36:51,131 - INFO - Unregistered key
2011-07-04 01:36:51,131 - INFO - Unregistered key
2011-07-04 01:46:22,562 - INFO - START controller
2011-07-04 01:47:20,206 - INFO - Unregistered key
2011-07-04 01:47:20,207 - INFO - Unregistered key
2011-07-04 01:47:20,207 - INFO - Unregistered key
2011-07-04 01:47:20,209 - INFO - Unregistered key
2011-07-04 01:47:20,210 - INFO - Unregistered key
2011-07-04 01:47:20,211 - INFO - Unregistered key
2011-07-04 01:47:20,213 - INFO - Unregistered key
2011-07-04 01:47:20,213 - INFO - Unregistered key
2011-07-04 01:47:20,213 - INFO - Unregistered key
2011-07-04 01:47:20,213 - INFO - Unregistered key
2011-07-04 01:47:20,214 - INFO - Unregistered key
2011-07-04 01:47:20,216 - INFO - Unregistered key
2011-07-04 01:47:20,216 - INFO - Unregistered key
2011-07-04 01:47:20,217 - INFO - Unregistered key
2011-07-04 01:47:20,217 - INFO - Unregistered key
2011-07-04 01:47:20,219 - INFO - Unregistered key
2011-07-04 01:47:20,219 - INFO - Unregistered key
2011-07-04 01:47:20,220 - INFO - Unregistered key
2011-07-04 01:47:20,220 - INFO - Unregistered key
2011-07-04 01:47:20,221 - INFO - Unregistered key
2011-07-04 01:47:20,221 - INFO - Unregistered key
2011-07-04 01:47:20,223 - INFO - Unregistered key
2011-07-04 01:47:20,224 - INFO - Unregistered key
2011-07-04 01:47:20,224 - INFO - Unregistered key
2011-07-04 01:47:20,226 - INFO - Unregistered key
2011-07-04 01:47:20,226 - INFO - Unregistered key
2011-07-04 01:47:20,226 - INFO - Unregistered key
2011-07-04 01:47:20,227 - INFO - Unregistered key
2011-07-04 01:47:20,229 - INFO - Unregistered key
2011-07-04 01:47:20,229 - INFO - Unregistered key
2011-07-04 01:47:20,230 - INFO - Unregistered key
2011-07-04 01:47:20,230 - INFO - Unregistered key
2011-07-04 01:47:20,230 - INFO - Unregistered key
2011-07-04 01:47:20,230 - INFO - Unregistered key
2011-07-04 01:47:20,232 - INFO - Unregistered key
2011-07-04 01:47:20,232 - INFO - Unregistered key
2011-07-04 01:53:21,029 - INFO - START controller
2011-07-04 01:53:45,118 - INFO - Unregistered key
2011-07-04 01:53:45,119 - INFO - Unregistered key
2011-07-04 01:53:45,121 - INFO - Unregistered key
2011-07-04 01:53:45,121 - INFO - Unregistered key
2011-07-04 01:53:45,122 - INFO - Unregistered key
2011-07-04 01:53:45,122 - INFO - Unregistered key
2011-07-04 01:53:45,124 - INFO - Unregistered key
2011-07-04 01:53:45,125 - INFO - Unregistered key
2011-07-04 01:53:45,125 - INFO - Unregistered key
2011-07-04 01:53:45,125 - INFO - Unregistered key
2011-07-04 01:53:45,125 - INFO - Unregistered key
2011-07-04 01:53:45,127 - INFO - Unregistered key
2011-07-04 01:53:45,127 - INFO - Unregistered key
2011-07-04 01:53:45,128 - INFO - Unregistered key
2011-07-04 01:53:45,128 - INFO - Unregistered key
2011-07-04 01:53:45,128 - INFO - Unregistered key
2011-07-04 01:53:45,128 - INFO - Unregistered key
2011-07-04 01:53:45,131 - INFO - Unregistered key
2011-07-04 01:53:45,131 - INFO - Unregistered key
2011-07-04 01:53:45,131 - INFO - Unregistered key
2011-07-04 01:53:45,131 - INFO - Unregistered key
2011-07-04 01:53:45,132 - INFO - Unregistered key
2011-07-04 01:53:45,132 - INFO - Unregistered key
2011-07-04 01:53:45,178 - INFO - Unregistered key
2011-07-04 01:53:45,178 - INFO - Unregistered key
2011-07-04 01:53:45,180 - INFO - Unregistered key
2011-07-04 01:53:45,180 - INFO - Unregistered key
2011-07-04 01:53:45,180 - INFO - Unregistered key
2011-07-04 01:53:45,181 - INFO - Unregistered key
2011-07-04 01:53:45,183 - INFO - Unregistered key
2011-07-04 01:53:45,184 - INFO - Unregistered key
2011-07-04 01:53:45,184 - INFO - Unregistered key
2011-07-04 01:53:45,186 - INFO - Unregistered key
2011-07-04 01:53:45,187 - INFO - Unregistered key
2011-07-04 01:53:45,188 - INFO - Unregistered key
2011-07-04 01:53:45,190 - INFO - Unregistered key
2011-09-21 10:34:29,210 - INFO - START controller
2011-09-22 13:54:04,917 - INFO - START controller
2011-09-22 13:54:29,601 - INFO - START controller
2011-09-22 13:55:00,056 - ERROR - Error while placing window
Traceback (most recent call last):
  File "Y:\Python\PythonWindowsTilerV0.2\pwt\window.py", line 165, in position
    windowPlacement = win32gui.GetWindowPlacement(self.hWindow)
pywintypes.error: (1400, 'GetWindowPlacement', 'Invalid window handle.')
2011-09-22 14:01:17,832 - INFO - START controller
2011-09-22 14:10:08,947 - INFO - START controller
2011-09-22 14:10:57,901 - INFO - START controller
2011-09-22 14:12:10,992 - INFO - START controller
2011-09-22 14:44:42,977 - INFO - START controller
2011-09-22 14:44:54,025 - INFO - START controller
2011-09-22 14:46:14,937 - INFO - START controller
2011-09-22 14:46:22,161 - INFO - START controller
